<?xml version="1.0" encoding="UTF-8"?>
<!-- Generated by org.testng.reporters.JUnitReportReporter -->
<testsuite hostname="Pankaj" failures="0" tests="3" name="package2.RestAssured.PathParamDataProvider" time="5.185" errors="0" timestamp="2022-05-08T00:58:05 IST" skipped="0">
  <testcase classname="package2.RestAssured.PathParamDataProvider" name="circuitLocationTest" time="0.929"/>
  <system-out/>
  <testcase classname="package2.RestAssured.PathParamDataProvider" name="circuitLocationTest" time="0.586"/>
  <system-out/>
  <testcase classname="package2.RestAssured.PathParamDataProvider" name="circuitLocationTest" time="3.670"/>
  <system-out/>
</testsuite> <!-- package2.RestAssured.PathParamDataProvider -->
