<?xml version="1.0" encoding="UTF-8"?>
<!-- Generated by org.testng.reporters.JUnitReportReporter -->
<testsuite hostname="Pankaj" failures="0" tests="4" name="package2.DataProviderMap" time="0.017" errors="0" timestamp="2022-04-29T00:37:30 IST" skipped="0">
  <testcase classname="package2.DataProviderMap" name="demoData" time="0.001"/>
  <system-out/>
  <testcase classname="package2.DataProviderMap" name="demoData" time="0.001"/>
  <system-out/>
  <testcase classname="package2.DataProviderMap" name="demoData" time="0.006"/>
  <system-out/>
  <testcase classname="package2.DataProviderMap" name="demoData" time="0.009"/>
  <system-out/>
</testsuite> <!-- package2.DataProviderMap -->
