<?xml version="1.0" encoding="UTF-8"?>
<!-- Generated by org.testng.reporters.JUnitReportReporter -->
<testsuite hostname="Pankaj" failures="0" tests="2" name="package2.JsonFiletoHashMapDataProvider" time="0.009" errors="0" timestamp="2022-03-31T20:27:21 IST" skipped="0">
  <testcase classname="package2.JsonFiletoHashMapDataProvider" name="demoData" time="0.003"/>
  <system-out/>
  <testcase classname="package2.JsonFiletoHashMapDataProvider" name="demoData" time="0.006"/>
  <system-out/>
</testsuite> <!-- package2.JsonFiletoHashMapDataProvider -->
