<?xml version="1.0" encoding="UTF-8"?>
<!-- Generated by org.testng.reporters.JUnitReportReporter -->
<testsuite hostname="qainfotech-TravelMate-P238-G2-M" failures="0" tests="3" name="WireMock.WireMock_example" time="1.856" errors="0" timestamp="2022-05-10T14:26:03 IST" skipped="0">
  <testcase classname="WireMock.WireMock_example" name="testOne" time="1.795"/>
  <system-out/>
  <testcase classname="WireMock.WireMock_example" name="testThree" time="0.024"/>
  <system-out/>
  <testcase classname="WireMock.WireMock_example" name="testTwo" time="0.037"/>
  <system-out/>
</testsuite> <!-- WireMock.WireMock_example -->
