<?xml version="1.0" encoding="UTF-8"?>
<!-- Generated by org.testng.reporters.JUnitReportReporter -->
<testsuite hostname="Pankaj" failures="0" tests="2" name="package2.RestAssured.CompareJsonArrayByJackson" time="0.255" errors="0" timestamp="2022-05-08T01:13:27 IST" skipped="0">
  <testcase classname="package2.RestAssured.CompareJsonArrayByJackson" name="compareTwoJsonArraysWithDifferentOrderOfElements" time="0.004"/>
  <system-out/>
  <testcase classname="package2.RestAssured.CompareJsonArrayByJackson" name="compareTwoJsonArrays" time="0.251"/>
  <system-out/>
</testsuite> <!-- package2.RestAssured.CompareJsonArrayByJackson -->
