<?xml version="1.0" encoding="UTF-8"?>
<!-- Generated by org.testng.reporters.JUnitReportReporter -->
<testsuite hostname="Pankaj" failures="0" tests="1" name="ExtendReport.TestCases.AmazonLaunch" time="7.298" errors="0" timestamp="2022-04-28T17:45:46 IST" skipped="0">
  <testcase classname="ExtendReport.TestCases.AmazonLaunch" name="launchAmazon" time="7.298"/>
  <system-out/>
</testsuite> <!-- ExtendReport.TestCases.AmazonLaunch -->
