<?xml version="1.0" encoding="UTF-8"?>
<!-- Generated by org.testng.reporters.JUnitReportReporter -->
<testsuite hostname="qainfotech-TravelMate-P238-G2-M" failures="0" tests="1" name="WireMock.WireMockStartServerFromCode" time="1.462" errors="0" timestamp="2022-06-03T12:33:37 IST" skipped="0">
  <testcase classname="WireMock.WireMockStartServerFromCode" name="testCode" time="1.462"/>
  <system-out/>
</testsuite> <!-- WireMock.WireMockStartServerFromCode -->
