<?xml version="1.0" encoding="UTF-8"?>
<!-- Generated by org.testng.reporters.JUnitReportReporter -->
<testsuite hostname="Pankaj" failures="0" tests="1" name="ExtendReport.TestCases.FlipKart" time="10.882" errors="0" timestamp="2022-04-28T20:12:46 IST" skipped="0">
  <testcase classname="ExtendReport.TestCases.FlipKart" name="launchFlipkart" time="10.882"/>
  <system-out/>
</testsuite> <!-- ExtendReport.TestCases.FlipKart -->
