<?xml version="1.0" encoding="UTF-8"?>
<!-- Generated by org.testng.reporters.JUnitReportReporter -->
<testsuite hostname="Pankaj" failures="0" tests="4" name="package2.DataProviderMap" time="0.013" errors="0" timestamp="2022-03-31T19:55:02 IST" skipped="0">
  <testcase classname="package2.DataProviderMap" name="demoData" time="0.002"/>
  <system-out/>
  <testcase classname="package2.DataProviderMap" name="demoData" time="0.003"/>
  <system-out/>
  <testcase classname="package2.DataProviderMap" name="demoData" time="0.006"/>
  <system-out/>
  <testcase classname="package2.DataProviderMap" name="demoData" time="0.002"/>
  <system-out/>
</testsuite> <!-- package2.DataProviderMap -->
