<?xml version="1.0" encoding="UTF-8"?>
<!-- Generated by org.testng.reporters.JUnitReportReporter -->
<testsuite hostname="Pankaj" failures="0" tests="3" name="package2.RestAssured.CompareJsonObjectByJackson" time="0.439" errors="0" timestamp="2022-05-08T01:10:58 IST" skipped="0">
  <testcase classname="package2.RestAssured.CompareJsonObjectByJackson" name="compareTwoJsonObjects" time="0.431"/>
  <system-out/>
  <testcase classname="package2.RestAssured.CompareJsonObjectByJackson" name="compareTwoJsonObjectsWithDifferentOrderOfRootElements" time="0.005"/>
  <system-out/>
  <testcase classname="package2.RestAssured.CompareJsonObjectByJackson" name="compareTwoNestedJsonObjects" time="0.003"/>
  <system-out/>
</testsuite> <!-- package2.RestAssured.CompareJsonObjectByJackson -->
