<?xml version="1.0" encoding="UTF-8"?>
<!-- Generated by org.testng.reporters.JUnitReportReporter -->
<testsuite hostname="qainfotech-TravelMate-P238-G2-M" failures="0" tests="3" name="package2.RestAssured.CompareJsonObjectByJackson" time="0.210" errors="0" timestamp="2022-05-18T23:35:05 IST" skipped="0">
  <testcase classname="package2.RestAssured.CompareJsonObjectByJackson" name="compareTwoJsonObjects" time="0.206"/>
  <system-out/>
  <testcase classname="package2.RestAssured.CompareJsonObjectByJackson" name="compareTwoNestedJsonObjects" time="0.002"/>
  <system-out/>
  <testcase classname="package2.RestAssured.CompareJsonObjectByJackson" name="compareTwoJsonObjectsWithDifferentOrderOfRootElements" time="0.002"/>
  <system-out/>
</testsuite> <!-- package2.RestAssured.CompareJsonObjectByJackson -->
