<?xml version="1.0" encoding="UTF-8"?>
<!-- Generated by org.testng.reporters.JUnitReportReporter -->
<testsuite hostname="Pankaj" failures="0" tests="6" name="DataProviderExamples.DummyTestCase" time="0.016" errors="0" timestamp="2022-05-12T13:55:47 IST" skipped="0">
  <testcase classname="DataProviderExamples.DummyTestCase" name="TestCase1" time="0.001"/>
  <system-out/>
  <testcase classname="DataProviderExamples.DummyTestCase" name="TestCase2" time="0.001"/>
  <system-out/>
  <testcase classname="DataProviderExamples.DummyTestCase" name="TestCase2" time="0.001"/>
  <system-out/>
  <testcase classname="DataProviderExamples.DummyTestCase" name="TestCase1" time="0.002"/>
  <system-out/>
  <testcase classname="DataProviderExamples.DummyTestCase" name="TestCase1" time="0.009"/>
  <system-out/>
  <testcase classname="DataProviderExamples.DummyTestCase" name="TestCase2" time="0.002"/>
  <system-out/>
</testsuite> <!-- DataProviderExamples.DummyTestCase -->
