<?xml version="1.0" encoding="UTF-8"?>
<!-- Generated by org.testng.reporters.JUnitReportReporter -->
<testsuite hostname="qainfotech-TravelMate-P238-G2-M" failures="0" tests="1" name="WireMock.WireMockServerComplexJson" time="1.648" errors="0" timestamp="2022-06-03T12:14:48 IST" skipped="0">
  <testcase classname="WireMock.WireMockServerComplexJson" name="testOne" time="1.648"/>
  <system-out/>
</testsuite> <!-- WireMock.WireMockServerComplexJson -->
