<?xml version="1.0" encoding="UTF-8"?>
<!-- Generated by org.testng.reporters.JUnitReportReporter -->
<testsuite hostname="qainfotech-TravelMate-P238-G2-M" failures="0" tests="2" name="package2.RestAssured.CompareJsonArrayByJackson" time="0.193" errors="0" timestamp="2022-05-18T23:28:54 IST" skipped="0">
  <testcase classname="package2.RestAssured.CompareJsonArrayByJackson" name="compareTwoJsonArrays" time="0.191"/>
  <system-out/>
  <testcase classname="package2.RestAssured.CompareJsonArrayByJackson" name="compareTwoJsonArraysWithDifferentOrderOfElements" time="0.002"/>
  <system-out/>
</testsuite> <!-- package2.RestAssured.CompareJsonArrayByJackson -->
