<?xml version="1.0" encoding="UTF-8"?>
<!-- Generated by org.testng.reporters.JUnitReportReporter -->
<testsuite hostname="Pankaj" failures="0" tests="3" name="package2.OmPrakash.DemoTest" time="0.340" errors="0" timestamp="2022-04-23T14:00:49 IST" skipped="0">
  <testcase classname="package2.OmPrakash.DemoTest" name="displayAddress" time="0.322"/>
  <system-out/>
  <testcase classname="package2.OmPrakash.DemoTest" name="displayProductNameID" time="0.013"/>
  <system-out/>
  <testcase classname="package2.OmPrakash.DemoTest" name="displayAddressGeneric" time="0.005"/>
  <system-out/>
</testsuite> <!-- package2.OmPrakash.DemoTest -->
