<?xml version="1.0" encoding="UTF-8"?>
<!-- Generated by org.testng.reporters.JUnitReportReporter -->
<testsuite hostname="qainfotech-TravelMate-P238-G2-M" failures="0" tests="1" name="WireMock.WireMockStartServerFromCode" time="1.523" errors="0" timestamp="2022-05-10T15:42:46 IST" skipped="0">
  <testcase classname="WireMock.WireMockStartServerFromCode" name="testCode" time="1.523"/>
  <system-out/>
</testsuite> <!-- WireMock.WireMockStartServerFromCode -->
