<?xml version="1.0" encoding="UTF-8"?>
<!-- Generated by org.testng.reporters.JUnitReportReporter -->
<testsuite hostname="Pankaj" failures="0" tests="1" name="ExtendReport.TestCases.Amazon" time="9.280" errors="0" timestamp="2022-04-28T20:12:46 IST" skipped="0">
  <testcase classname="ExtendReport.TestCases.Amazon" name="launchAmazon" time="9.280"/>
  <system-out/>
</testsuite> <!-- ExtendReport.TestCases.Amazon -->
