<?xml version="1.0" encoding="UTF-8"?>
<!-- Generated by org.testng.reporters.JUnitReportReporter -->
<testsuite hostname="qainfotech-TravelMate-P238-G2-M" failures="0" tests="1" name="package2.SumValidation" time="1.802" errors="0" timestamp="2022-03-31T10:24:20 IST" skipped="0">
  <testcase classname="package2.SumValidation" name="sumOfCourses" time="1.802"/>
  <system-out/>
</testsuite> <!-- package2.SumValidation -->
