<?xml version="1.0" encoding="UTF-8"?>
<!-- Generated by org.testng.reporters.JUnitReportReporter -->
<testsuite hostname="Pankaj" failures="0" tests="4" name="package2.ExcelDataProvider" time="0.018" errors="0" timestamp="2022-04-05T23:53:05 IST" skipped="0">
  <testcase classname="package2.ExcelDataProvider" name="userPass" time="0.002"/>
  <system-out/>
  <testcase classname="package2.ExcelDataProvider" name="userPass" time="0.011"/>
  <system-out/>
  <testcase classname="package2.ExcelDataProvider" name="userPass" time="0.003"/>
  <system-out/>
  <testcase classname="package2.ExcelDataProvider" name="userPass" time="0.002"/>
  <system-out/>
</testsuite> <!-- package2.ExcelDataProvider -->
