<?xml version="1.0" encoding="UTF-8"?>
<!-- Generated by org.testng.reporters.JUnitReportReporter -->
<testsuite hostname="Pankaj" failures="0" tests="4" name="package2.ExcelDataProvider" time="0.026" errors="0" timestamp="2022-03-29T19:59:32 IST" skipped="0">
  <testcase classname="package2.ExcelDataProvider" name="userPass" time="0.003"/>
  <system-out/>
  <testcase classname="package2.ExcelDataProvider" name="userPass" time="0.006"/>
  <system-out/>
  <testcase classname="package2.ExcelDataProvider" name="userPass" time="0.005"/>
  <system-out/>
  <testcase classname="package2.ExcelDataProvider" name="userPass" time="0.012"/>
  <system-out/>
</testsuite> <!-- package2.ExcelDataProvider -->
