<?xml version="1.0" encoding="UTF-8"?>
<!-- Generated by org.testng.reporters.JUnitReportReporter -->
<testsuite hostname="qainfotech-TravelMate-P238-G2-M" failures="0" tests="3" name="WireMock.WireMockConditional" time="4.766" errors="0" timestamp="2022-05-10T18:55:49 IST" skipped="0">
  <testcase classname="WireMock.WireMockConditional" name="conditonThree" time="0.122"/>
  <system-out/>
  <testcase classname="WireMock.WireMockConditional" name="conditonTwo" time="3.079"/>
  <system-out/>
  <testcase classname="WireMock.WireMockConditional" name="conditionOne" time="1.565"/>
  <system-out/>
</testsuite> <!-- WireMock.WireMockConditional -->
