<?xml version="1.0" encoding="UTF-8"?>
<!-- Generated by org.testng.reporters.JUnitReportReporter -->
<testsuite hostname="Pankaj" failures="0" tests="3" name="package2.RestAssured.QueryParamDataProvider" time="3.502" errors="0" timestamp="2022-05-08T00:53:40 IST" skipped="0">
  <testcase classname="package2.RestAssured.QueryParamDataProvider" name="md5JsonTest" time="2.669"/>
  <system-out/>
  <testcase classname="package2.RestAssured.QueryParamDataProvider" name="md5JsonTest" time="0.433"/>
  <system-out/>
  <testcase classname="package2.RestAssured.QueryParamDataProvider" name="md5JsonTest" time="0.400"/>
  <system-out/>
</testsuite> <!-- package2.RestAssured.QueryParamDataProvider -->
