<?xml version="1.0" encoding="UTF-8"?>
<!-- Generated by org.testng.reporters.JUnitReportReporter -->
<testsuite hostname="qainfotech-TravelMate-P238-G2-M" failures="0" tests="1" name="package2.RShetty.JsonFiletoHashMapDataProvider" time="0.000" errors="0" timestamp="2022-05-18T10:19:37 IST" skipped="1">
  <testcase classname="package2.RShetty.JsonFiletoHashMapDataProvider" name="demoData" time="0.000">
    <skipped/>
  </testcase> <!-- demoData -->
  <system-out/>
</testsuite> <!-- package2.RShetty.JsonFiletoHashMapDataProvider -->
