<?xml version="1.0" encoding="UTF-8"?>
<!-- Generated by org.testng.reporters.JUnitReportReporter -->
<testsuite hostname="qainfotech-TravelMate-P238-G2-M" failures="0" tests="1" name="WireMock.WireMockServerComplexJson" time="1.465" errors="0" timestamp="2022-05-10T19:43:36 IST" skipped="0">
  <testcase classname="WireMock.WireMockServerComplexJson" name="testOne" time="1.465"/>
  <system-out/>
</testsuite> <!-- WireMock.WireMockServerComplexJson -->
